#
# There is insufficient memory for the Java Runtime Environment to continue.
# Native memory allocation (malloc) failed to allocate 1048576 bytes for AllocateHeap
# Possible reasons:
#   The system is out of physical RAM or swap space
#   The process is running with CompressedOops enabled, and the Java Heap may be blocking the growth of the native heap
# Possible solutions:
#   Reduce memory load on the system
#   Increase physical memory or swap space
#   Check if swap backing store is full
#   Decrease Java heap size (-Xmx/-Xms)
#   Decrease number of Java threads
#   Decrease Java thread stack sizes (-Xss)
#   Set larger code cache with -XX:ReservedCodeCacheSize=
#   JVM is running with Unscaled Compressed Oops mode in which the Java heap is
#     placed in the first 4GB address space. The Java Heap base address is the
#     maximum limit for the native heap growth. Please use -XX:HeapBaseMinAddress
#     to set the Java Heap base and to place the Java Heap above 4GB virtual address.
# This output file may be truncated or incomplete.
#
#  Out of Memory Error (./open/src/hotspot/share/memory/allocation.cpp:46), pid=2496, tid=12836
#
# JRE version: Java(TM) SE Runtime Environment 18.9 (11.0.13+10) (build 11.0.13+10-LTS-370)
# Java VM: Java HotSpot(TM) 64-Bit Server VM 18.9 (11.0.13+10-LTS-370, mixed mode, tiered, compressed oops, g1 gc, windows-amd64)
# No core dump will be written. Minidumps are not enabled by default on client versions of Windows
#

---------------  S U M M A R Y ------------

Command Line: -XX:TieredStopAtLevel=1 -Xverify:none -Dspring.output.ansi.enabled=always -Dcom.sun.management.jmxremote -Dspring.jmx.enabled=true -Dspring.liveBeansView.mbeanDomain -Dspring.application.admin.enabled=true -javaagent:C:\Program Files\JetBrains\IntelliJ IDEA 2021.3.3\lib\idea_rt.jar=53301:C:\Program Files\JetBrains\IntelliJ IDEA 2021.3.3\bin -Dfile.encoding=UTF-8 com.hedspi.library.LibraryApplication

Host: Intel(R) Core(TM) i5-1035G1 CPU @ 1.00GHz, 8 cores, 7G,  Windows 10 , 64 bit Build 19041 (10.0.19041.1889)
Time: Wed Sep 21 17:12:47 2022 SE Asia Standard Time elapsed time: 6.075360 seconds (0d 0h 0m 6s)

---------------  T H R E A D  ---------------

Current thread (0x0000023aeebe9800):  VMThread "VM Thread" [stack: 0x000000e2c0500000,0x000000e2c0600000] [id=12836]

Stack: [0x000000e2c0500000,0x000000e2c0600000]
[error occurred during error reporting (printing stack bounds), id 0xc0000005, EXCEPTION_ACCESS_VIOLATION (0xc0000005) at pc=0x0000023ad84310e7]

Native frames: (J=compiled Java code, j=interpreted, Vv=VM code, C=native code)
V  [jvm.dll+0x62870a]
V  [jvm.dll+0x761f2f]
V  [jvm.dll+0x7635d9]
V  [jvm.dll+0x763bc5]
V  [jvm.dll+0x763b7b]
V  [jvm.dll+0x627c53]
V  [jvm.dll+0x628308]
C  [ntdll.dll+0xa235f]
C  [ntdll.dll+0x514a4]
C  [ntdll.dll+0xa0e8e]
C  0x0000023ad84310e7

VM_Operation (0x000000e2c14f81c0): CollectForMetadataAllocation, mode: safepoint, requested by thread 0x0000023af00d7000


---------------  P R O C E S S  ---------------

Threads class SMR info:
_java_thread_list=0x0000023af1895cf0, length=21, elements={
0x0000023ad0e05000, 0x0000023aeebeb800, 0x0000023aeebf7000, 0x0000023aeec07000,
0x0000023aeec0a000, 0x0000023aeec0b000, 0x0000023aeec0c800, 0x0000023aef565800,
0x0000023aeeb83800, 0x0000023aef91c800, 0x0000023aefc38000, 0x0000023af0085800,
0x0000023af00d7000, 0x0000023af0d13000, 0x0000023af0d47800, 0x0000023af18a4800,
0x0000023af18ac000, 0x0000023af18ad000, 0x0000023af1907000, 0x0000023af1903000,
0x0000023af1903800
}

Java Threads: ( => current thread )
  0x0000023ad0e05000 JavaThread "main" [_thread_blocked, id=7140, stack(0x000000e2bff00000,0x000000e2c0000000)]
  0x0000023aeebeb800 JavaThread "Reference Handler" daemon [_thread_blocked, id=3016, stack(0x000000e2c0600000,0x000000e2c0700000)]
  0x0000023aeebf7000 JavaThread "Finalizer" daemon [_thread_blocked, id=15324, stack(0x000000e2c0700000,0x000000e2c0800000)]
  0x0000023aeec07000 JavaThread "Signal Dispatcher" daemon [_thread_blocked, id=9552, stack(0x000000e2c0800000,0x000000e2c0900000)]
  0x0000023aeec0a000 JavaThread "Attach Listener" daemon [_thread_blocked, id=10384, stack(0x000000e2c0900000,0x000000e2c0a00000)]
  0x0000023aeec0b000 JavaThread "Service Thread" daemon [_thread_blocked, id=9004, stack(0x000000e2c0a00000,0x000000e2c0b00000)]
  0x0000023aeec0c800 JavaThread "C1 CompilerThread0" daemon [_thread_blocked, id=5296, stack(0x000000e2c0b00000,0x000000e2c0c00000)]
  0x0000023aef565800 JavaThread "Sweeper thread" daemon [_thread_blocked, id=2696, stack(0x000000e2c0c00000,0x000000e2c0d00000)]
  0x0000023aeeb83800 JavaThread "Common-Cleaner" daemon [_thread_blocked, id=11540, stack(0x000000e2c0d00000,0x000000e2c0e00000)]
  0x0000023aef91c800 JavaThread "Monitor Ctrl-Break" daemon [_thread_in_native, id=14332, stack(0x000000e2c0e00000,0x000000e2c0f00000)]
  0x0000023aefc38000 JavaThread "RMI TCP Accept-0" daemon [_thread_in_native, id=15184, stack(0x000000e2c0f00000,0x000000e2c1000000)]
  0x0000023af0085800 JavaThread "Thread-0" [_thread_blocked, id=11144, stack(0x000000e2c1300000,0x000000e2c1400000)]
  0x0000023af00d7000 JavaThread "restartedMain" [_thread_blocked, id=8388, stack(0x000000e2c1400000,0x000000e2c1500000)]
  0x0000023af0d13000 JavaThread "RMI TCP Connection(1)-192.168.1.161" daemon [_thread_in_native, id=15072, stack(0x000000e2c1800000,0x000000e2c1900000)]
  0x0000023af0d47800 JavaThread "RMI Scheduler(0)" daemon [_thread_blocked, id=13072, stack(0x000000e2c1900000,0x000000e2c1a00000)]
  0x0000023af18a4800 JavaThread "Catalina-utility-1" [_thread_blocked, id=13048, stack(0x000000e2c1a00000,0x000000e2c1b00000)]
  0x0000023af18ac000 JavaThread "Catalina-utility-2" [_thread_blocked, id=812, stack(0x000000e2c1b00000,0x000000e2c1c00000)]
  0x0000023af18ad000 JavaThread "container-0" [_thread_blocked, id=14376, stack(0x000000e2c1f00000,0x000000e2c2000000)]
  0x0000023af1907000 JavaThread "mysql-cj-abandoned-connection-cleanup" daemon [_thread_blocked, id=12224, stack(0x000000e2c2000000,0x000000e2c2100000)]
  0x0000023af1903000 JavaThread "HikariPool-1 housekeeper" daemon [_thread_blocked, id=14524, stack(0x000000e2c2200000,0x000000e2c2300000)]
  0x0000023af1903800 JavaThread "HikariPool-1 connection adder" daemon [_thread_blocked, id=8204, stack(0x000000e2c2300000,0x000000e2c2400000)]

Other Threads:
=>0x0000023aeebe9800 VMThread "VM Thread" [stack: 0x000000e2c0500000,0x000000e2c0600000] [id=12836]
  0x0000023aefc4a800 WatcherThread [stack: 0x000000e2c1000000,0x000000e2c1100000] [id=5892]
  0x0000023ad0e19000 GCTaskThread "GC Thread#0" [stack: 0x000000e2c0000000,0x000000e2c0100000] [id=11932]
  0x0000023af0008800 GCTaskThread "GC Thread#1" [stack: 0x000000e2c1100000,0x000000e2c1200000] [id=2692]
  0x0000023af0009000 GCTaskThread "GC Thread#2" [stack: 0x000000e2c1200000,0x000000e2c1300000] [id=14168]
  0x0000023af0112000 GCTaskThread "GC Thread#3" [stack: 0x000000e2c1500000,0x000000e2c1600000] [id=11128]
  0x0000023af0112800 GCTaskThread "GC Thread#4" [stack: 0x000000e2c1600000,0x000000e2c1700000] [id=2316]
  0x0000023af011b800 GCTaskThread "GC Thread#5" [stack: 0x000000e2c1700000,0x000000e2c1800000] [id=7520]
  0x0000023af0e25000 GCTaskThread "GC Thread#6" [stack: 0x000000e2c1c00000,0x000000e2c1d00000] [id=12092]
  0x0000023af0e65800 GCTaskThread "GC Thread#7" [stack: 0x000000e2c1d00000,0x000000e2c1e00000] [id=11608]
  0x0000023ad0e4b800 ConcurrentGCThread "G1 Main Marker" [stack: 0x000000e2c0100000,0x000000e2c0200000] [id=7244]
  0x0000023ad0e4d000 ConcurrentGCThread "G1 Conc#0" [stack: 0x000000e2c0200000,0x000000e2c0300000] [id=8964]
  0x0000023af0d10800 ConcurrentGCThread "G1 Conc#1" [stack: 0x000000e2c1e00000,0x000000e2c1f00000] [id=12744]
  0x0000023aeea30800 ConcurrentGCThread "G1 Refine#0" [stack: 0x000000e2c0300000,0x000000e2c0400000] [id=2940]
  0x0000023aeea31800 ConcurrentGCThread "G1 Young RemSet Sampling" [stack: 0x000000e2c0400000,0x000000e2c0500000] [id=7548]

Threads with active compile tasks:

VM state:at safepoint (normal execution)

VM Mutex/Monitor currently owned by a thread:  ([mutex/lock_event])
[0x0000023ad0e011f0] Threads_lock - owner thread: 0x0000023aeebe9800
[0x0000023ad0e021b0] Heap_lock - owner thread: 0x0000023af00d7000

Heap address: 0x0000000083600000, size: 1994 MB, Compressed Oops mode: 32-bit
Narrow klass base: 0x0000000000000000, Narrow klass shift: 3
Compressed class space size: 1073741824 Address: 0x0000000100000000

Heap:
 garbage-first heap   total 155648K, used 21737K [0x0000000083600000, 0x0000000100000000)
  region size 1024K, 6 young (6144K), 6 survivors (6144K)
 Metaspace       used 50334K, capacity 51825K, committed 51968K, reserved 1118208K
  class space    used 6675K, capacity 7322K, committed 7424K, reserved 1048576K
Heap Regions: E=young(eden), S=young(survivor), O=old, HS=humongous(starts), HC=humongous(continues), CS=collection set, F=free, A=archive, TAMS=top-at-mark-start (previous, next)
|   0|0x0000000083600000, 0x0000000083700000, 0x0000000083700000|100%|HS|  |TAMS 0x0000000083700000, 0x0000000083700000| Complete 
|   1|0x0000000083700000, 0x0000000083800000, 0x0000000083800000|100%| O|  |TAMS 0x0000000083800000, 0x0000000083800000| Untracked 
|   2|0x0000000083800000, 0x0000000083900000, 0x0000000083900000|100%| O|  |TAMS 0x0000000083900000, 0x0000000083900000| Untracked 
|   3|0x0000000083900000, 0x0000000083a00000, 0x0000000083a00000|100%| O|  |TAMS 0x0000000083a00000, 0x0000000083a00000| Untracked 
|   4|0x0000000083a00000, 0x0000000083b00000, 0x0000000083b00000|100%| O|  |TAMS 0x0000000083b00000, 0x0000000083b00000| Untracked 
|   5|0x0000000083b00000, 0x0000000083c00000, 0x0000000083c00000|100%| O|  |TAMS 0x0000000083c00000, 0x0000000083c00000| Untracked 
|   6|0x0000000083c00000, 0x0000000083d00000, 0x0000000083d00000|100%| O|  |TAMS 0x0000000083d00000, 0x0000000083d00000| Untracked 
|   7|0x0000000083d00000, 0x0000000083e00000, 0x0000000083e00000|100%| O|  |TAMS 0x0000000083e00000, 0x0000000083e00000| Untracked 
|   8|0x0000000083e00000, 0x0000000083f00000, 0x0000000083f00000|100%| O|  |TAMS 0x0000000083f00000, 0x0000000083f00000| Untracked 
|   9|0x0000000083f00000, 0x0000000084000000, 0x0000000084000000|100%| O|  |TAMS 0x0000000084000000, 0x0000000084000000| Untracked 
|  10|0x0000000084000000, 0x0000000084100000, 0x0000000084100000|100%| O|  |TAMS 0x0000000084100000, 0x0000000084100000| Untracked 
|  11|0x0000000084100000, 0x0000000084200000, 0x0000000084200000|100%| O|  |TAMS 0x00000000841c3c00, 0x0000000084200000| Untracked 
|  12|0x0000000084200000, 0x0000000084300000, 0x0000000084300000|100%| O|  |TAMS 0x0000000084200000, 0x0000000084300000| Untracked 
|  13|0x0000000084300000, 0x0000000084400000, 0x0000000084400000|100%| O|  |TAMS 0x0000000084300000, 0x0000000084400000| Untracked 
|  14|0x0000000084400000, 0x0000000084500000, 0x0000000084500000|100%| O|  |TAMS 0x0000000084400000, 0x0000000084500000| Untracked 
|  15|0x0000000084500000, 0x000000008453a600, 0x0000000084600000| 22%| O|  |TAMS 0x0000000084500000, 0x000000008453a600| Untracked 
|  16|0x0000000084600000, 0x0000000084600000, 0x0000000084700000|  0%| F|  |TAMS 0x0000000084600000, 0x0000000084600000| Untracked 
|  17|0x0000000084700000, 0x0000000084700000, 0x0000000084800000|  0%| F|  |TAMS 0x0000000084700000, 0x0000000084700000| Untracked 
|  18|0x0000000084800000, 0x0000000084800000, 0x0000000084900000|  0%| F|  |TAMS 0x0000000084800000, 0x0000000084800000| Untracked 
|  19|0x0000000084900000, 0x0000000084900000, 0x0000000084a00000|  0%| F|  |TAMS 0x0000000084900000, 0x0000000084900000| Untracked 
|  20|0x0000000084a00000, 0x0000000084a00000, 0x0000000084b00000|  0%| F|  |TAMS 0x0000000084a00000, 0x0000000084a00000| Untracked 
|  21|0x0000000084b00000, 0x0000000084b00000, 0x0000000084c00000|  0%| F|  |TAMS 0x0000000084b00000, 0x0000000084b00000| Untracked 
|  22|0x0000000084c00000, 0x0000000084c00000, 0x0000000084d00000|  0%| F|  |TAMS 0x0000000084c00000, 0x0000000084c00000| Untracked 
|  23|0x0000000084d00000, 0x0000000084d00000, 0x0000000084e00000|  0%| F|  |TAMS 0x0000000084d00000, 0x0000000084d00000| Untracked 
|  24|0x0000000084e00000, 0x0000000084e00000, 0x0000000084f00000|  0%| F|  |TAMS 0x0000000084e00000, 0x0000000084e00000| Untracked 
|  25|0x0000000084f00000, 0x0000000084f00000, 0x0000000085000000|  0%| F|  |TAMS 0x0000000084f00000, 0x0000000084f00000| Untracked 
|  26|0x0000000085000000, 0x0000000085000000, 0x0000000085100000|  0%| F|  |TAMS 0x0000000085000000, 0x0000000085000000| Untracked 
|  27|0x0000000085100000, 0x0000000085100000, 0x0000000085200000|  0%| F|  |TAMS 0x0000000085100000, 0x0000000085100000| Untracked 
|  28|0x0000000085200000, 0x0000000085200000, 0x0000000085300000|  0%| F|  |TAMS 0x0000000085200000, 0x0000000085200000| Untracked 
|  29|0x0000000085300000, 0x0000000085300000, 0x0000000085400000|  0%| F|  |TAMS 0x0000000085300000, 0x0000000085300000| Untracked 
|  30|0x0000000085400000, 0x0000000085400000, 0x0000000085500000|  0%| F|  |TAMS 0x0000000085400000, 0x0000000085400000| Untracked 
|  31|0x0000000085500000, 0x0000000085500000, 0x0000000085600000|  0%| F|  |TAMS 0x0000000085500000, 0x0000000085500000| Untracked 
|  32|0x0000000085600000, 0x0000000085600000, 0x0000000085700000|  0%| F|  |TAMS 0x0000000085600000, 0x0000000085600000| Untracked 
|  33|0x0000000085700000, 0x0000000085700000, 0x0000000085800000|  0%| F|  |TAMS 0x0000000085700000, 0x0000000085700000| Untracked 
|  34|0x0000000085800000, 0x0000000085800000, 0x0000000085900000|  0%| F|  |TAMS 0x0000000085800000, 0x0000000085800000| Untracked 
|  35|0x0000000085900000, 0x0000000085900000, 0x0000000085a00000|  0%| F|  |TAMS 0x0000000085900000, 0x0000000085900000| Untracked 
|  36|0x0000000085a00000, 0x0000000085a00000, 0x0000000085b00000|  0%| F|  |TAMS 0x0000000085a00000, 0x0000000085a00000| Untracked 
|  37|0x0000000085b00000, 0x0000000085b00000, 0x0000000085c00000|  0%| F|  |TAMS 0x0000000085b00000, 0x0000000085b00000| Untracked 
|  38|0x0000000085c00000, 0x0000000085c00000, 0x0000000085d00000|  0%| F|  |TAMS 0x0000000085c00000, 0x0000000085c00000| Untracked 
|  39|0x0000000085d00000, 0x0000000085d00000, 0x0000000085e00000|  0%| F|  |TAMS 0x0000000085d00000, 0x0000000085d00000| Untracked 
|  40|0x0000000085e00000, 0x0000000085e00000, 0x0000000085f00000|  0%| F|  |TAMS 0x0000000085e00000, 0x0000000085e00000| Untracked 
|  41|0x0000000085f00000, 0x0000000085f00000, 0x0000000086000000|  0%| F|  |TAMS 0x0000000085f00000, 0x0000000085f00000| Untracked 
|  42|0x0000000086000000, 0x0000000086000000, 0x0000000086100000|  0%| F|  |TAMS 0x0000000086000000, 0x0000000086000000| Untracked 
|  43|0x0000000086100000, 0x0000000086100000, 0x0000000086200000|  0%| F|  |TAMS 0x0000000086100000, 0x0000000086100000| Untracked 
|  44|0x0000000086200000, 0x0000000086200000, 0x0000000086300000|  0%| F|  |TAMS 0x0000000086200000, 0x0000000086200000| Untracked 
|  45|0x0000000086300000, 0x0000000086300000, 0x0000000086400000|  0%| F|  |TAMS 0x0000000086300000, 0x0000000086300000| Untracked 
|  46|0x0000000086400000, 0x0000000086400000, 0x0000000086500000|  0%| F|  |TAMS 0x0000000086400000, 0x0000000086400000| Untracked 
|  47|0x0000000086500000, 0x0000000086500000, 0x0000000086600000|  0%| F|  |TAMS 0x0000000086500000, 0x0000000086500000| Untracked 
|  48|0x0000000086600000, 0x0000000086600000, 0x0000000086700000|  0%| F|  |TAMS 0x0000000086600000, 0x0000000086600000| Untracked 
|  49|0x0000000086700000, 0x0000000086700000, 0x0000000086800000|  0%| F|  |TAMS 0x0000000086700000, 0x0000000086700000| Untracked 
|  50|0x0000000086800000, 0x0000000086800000, 0x0000000086900000|  0%| F|  |TAMS 0x0000000086800000, 0x0000000086800000| Untracked 
|  51|0x0000000086900000, 0x0000000086900000, 0x0000000086a00000|  0%| F|  |TAMS 0x0000000086900000, 0x0000000086900000| Untracked 
|  52|0x0000000086a00000, 0x0000000086a00000, 0x0000000086b00000|  0%| F|  |TAMS 0x0000000086a00000, 0x0000000086a00000| Untracked 
|  53|0x0000000086b00000, 0x0000000086b00000, 0x0000000086c00000|  0%| F|  |TAMS 0x0000000086b00000, 0x0000000086b00000| Untracked 
|  54|0x0000000086c00000, 0x0000000086c00000, 0x0000000086d00000|  0%| F|  |TAMS 0x0000000086c00000, 0x0000000086c00000| Untracked 
|  55|0x0000000086d00000, 0x0000000086d00000, 0x0000000086e00000|  0%| F|  |TAMS 0x0000000086d00000, 0x0000000086d00000| Untracked 
|  56|0x0000000086e00000, 0x0000000086e00000, 0x0000000086f00000|  0%| F|  |TAMS 0x0000000086e00000, 0x0000000086e00000| Untracked 
|  57|0x0000000086f00000, 0x0000000086f00000, 0x0000000087000000|  0%| F|  |TAMS 0x0000000086f00000, 0x0000000086f00000| Untracked 
|  58|0x0000000087000000, 0x0000000087000000, 0x0000000087100000|  0%| F|  |TAMS 0x0000000087000000, 0x0000000087000000| Untracked 
|  59|0x0000000087100000, 0x0000000087100000, 0x0000000087200000|  0%| F|  |TAMS 0x0000000087100000, 0x0000000087100000| Untracked 
|  60|0x0000000087200000, 0x0000000087200000, 0x0000000087300000|  0%| F|  |TAMS 0x0000000087200000, 0x0000000087200000| Untracked 
|  61|0x0000000087300000, 0x0000000087300000, 0x0000000087400000|  0%| F|  |TAMS 0x0000000087300000, 0x0000000087300000| Untracked 
|  62|0x0000000087400000, 0x0000000087400000, 0x0000000087500000|  0%| F|  |TAMS 0x0000000087400000, 0x0000000087400000| Untracked 
|  63|0x0000000087500000, 0x0000000087500000, 0x0000000087600000|  0%| F|  |TAMS 0x0000000087500000, 0x0000000087500000| Untracked 
|  64|0x0000000087600000, 0x0000000087600000, 0x0000000087700000|  0%| F|  |TAMS 0x0000000087600000, 0x0000000087600000| Untracked 
|  65|0x0000000087700000, 0x0000000087700000, 0x0000000087800000|  0%| F|  |TAMS 0x0000000087700000, 0x0000000087700000| Untracked 
|  66|0x0000000087800000, 0x0000000087800000, 0x0000000087900000|  0%| F|  |TAMS 0x0000000087800000, 0x0000000087800000| Untracked 
|  67|0x0000000087900000, 0x0000000087900000, 0x0000000087a00000|  0%| F|  |TAMS 0x0000000087900000, 0x0000000087900000| Untracked 
|  68|0x0000000087a00000, 0x0000000087a00000, 0x0000000087b00000|  0%| F|  |TAMS 0x0000000087a00000, 0x0000000087a00000| Untracked 
|  69|0x0000000087b00000, 0x0000000087b00000, 0x0000000087c00000|  0%| F|  |TAMS 0x0000000087b00000, 0x0000000087b00000| Untracked 
|  70|0x0000000087c00000, 0x0000000087c00000, 0x0000000087d00000|  0%| F|  |TAMS 0x0000000087c00000, 0x0000000087c00000| Untracked 
|  71|0x0000000087d00000, 0x0000000087d00000, 0x0000000087e00000|  0%| F|  |TAMS 0x0000000087d00000, 0x0000000087d00000| Untracked 
|  72|0x0000000087e00000, 0x0000000087e00000, 0x0000000087f00000|  0%| F|  |TAMS 0x0000000087e00000, 0x0000000087e00000| Untracked 
|  73|0x0000000087f00000, 0x0000000087f00000, 0x0000000088000000|  0%| F|  |TAMS 0x0000000087f00000, 0x0000000087f00000| Untracked 
|  74|0x0000000088000000, 0x0000000088000000, 0x0000000088100000|  0%| F|  |TAMS 0x0000000088000000, 0x0000000088000000| Untracked 
|  75|0x0000000088100000, 0x0000000088100000, 0x0000000088200000|  0%| F|  |TAMS 0x0000000088100000, 0x0000000088100000| Untracked 
|  76|0x0000000088200000, 0x0000000088200000, 0x0000000088300000|  0%| F|  |TAMS 0x0000000088200000, 0x0000000088200000| Untracked 
|  77|0x0000000088300000, 0x0000000088300000, 0x0000000088400000|  0%| F|  |TAMS 0x0000000088300000, 0x0000000088300000| Untracked 
|  78|0x0000000088400000, 0x0000000088400000, 0x0000000088500000|  0%| F|  |TAMS 0x0000000088400000, 0x0000000088400000| Untracked 
|  79|0x0000000088500000, 0x0000000088500000, 0x0000000088600000|  0%| F|  |TAMS 0x0000000088500000, 0x0000000088500000| Untracked 
|  80|0x0000000088600000, 0x0000000088600000, 0x0000000088700000|  0%| F|  |TAMS 0x0000000088600000, 0x0000000088600000| Untracked 
|  81|0x0000000088700000, 0x0000000088700000, 0x0000000088800000|  0%| F|  |TAMS 0x0000000088700000, 0x0000000088700000| Untracked 
|  82|0x0000000088800000, 0x0000000088800000, 0x0000000088900000|  0%| F|  |TAMS 0x0000000088800000, 0x0000000088800000| Untracked 
|  83|0x0000000088900000, 0x0000000088900000, 0x0000000088a00000|  0%| F|  |TAMS 0x0000000088900000, 0x0000000088900000| Untracked 
|  84|0x0000000088a00000, 0x0000000088a00000, 0x0000000088b00000|  0%| F|  |TAMS 0x0000000088a00000, 0x0000000088a00000| Untracked 
|  85|0x0000000088b00000, 0x0000000088b00000, 0x0000000088c00000|  0%| F|  |TAMS 0x0000000088b00000, 0x0000000088b00000| Untracked 
|  86|0x0000000088c00000, 0x0000000088c00000, 0x0000000088d00000|  0%| F|  |TAMS 0x0000000088c00000, 0x0000000088c00000| Untracked 
|  87|0x0000000088d00000, 0x0000000088d00000, 0x0000000088e00000|  0%| F|  |TAMS 0x0000000088d00000, 0x0000000088d00000| Untracked 
|  88|0x0000000088e00000, 0x0000000088e00000, 0x0000000088f00000|  0%| F|  |TAMS 0x0000000088e00000, 0x0000000088e00000| Untracked 
|  89|0x0000000088f00000, 0x0000000088f00000, 0x0000000089000000|  0%| F|  |TAMS 0x0000000088f00000, 0x0000000088f00000| Untracked 
|  90|0x0000000089000000, 0x0000000089000000, 0x0000000089100000|  0%| F|  |TAMS 0x0000000089000000, 0x0000000089000000| Untracked 
|  91|0x0000000089100000, 0x0000000089100000, 0x0000000089200000|  0%| F|  |TAMS 0x0000000089100000, 0x0000000089100000| Untracked 
|  92|0x0000000089200000, 0x0000000089200000, 0x0000000089300000|  0%| F|  |TAMS 0x0000000089200000, 0x0000000089200000| Untracked 
|  93|0x0000000089300000, 0x0000000089300000, 0x0000000089400000|  0%| F|  |TAMS 0x0000000089300000, 0x0000000089300000| Untracked 
|  94|0x0000000089400000, 0x0000000089400000, 0x0000000089500000|  0%| F|  |TAMS 0x0000000089400000, 0x0000000089400000| Untracked 
|  95|0x0000000089500000, 0x0000000089500000, 0x0000000089600000|  0%| F|  |TAMS 0x0000000089500000, 0x0000000089500000| Untracked 
|  96|0x0000000089600000, 0x0000000089600000, 0x0000000089700000|  0%| F|  |TAMS 0x0000000089600000, 0x0000000089600000| Untracked 
|  97|0x0000000089700000, 0x0000000089700000, 0x0000000089800000|  0%| F|  |TAMS 0x0000000089700000, 0x0000000089700000| Untracked 
|  98|0x0000000089800000, 0x0000000089800000, 0x0000000089900000|  0%| F|  |TAMS 0x0000000089800000, 0x0000000089800000| Untracked 
|  99|0x0000000089900000, 0x0000000089900000, 0x0000000089a00000|  0%| F|  |TAMS 0x0000000089900000, 0x0000000089900000| Untracked 
| 100|0x0000000089a00000, 0x0000000089a00000, 0x0000000089b00000|  0%| F|  |TAMS 0x0000000089a00000, 0x0000000089a00000| Untracked 
| 101|0x0000000089b00000, 0x0000000089b00000, 0x0000000089c00000|  0%| F|  |TAMS 0x0000000089b00000, 0x0000000089b00000| Untracked 
| 102|0x0000000089c00000, 0x0000000089c00000, 0x0000000089d00000|  0%| F|  |TAMS 0x0000000089c00000, 0x0000000089c00000| Untracked 
| 103|0x0000000089d00000, 0x0000000089d00000, 0x0000000089e00000|  0%| F|  |TAMS 0x0000000089d00000, 0x0000000089d00000| Untracked 
| 104|0x0000000089e00000, 0x0000000089e00000, 0x0000000089f00000|  0%| F|  |TAMS 0x0000000089e00000, 0x0000000089e00000| Untracked 
| 105|0x0000000089f00000, 0x0000000089f00000, 0x000000008a000000|  0%| F|  |TAMS 0x0000000089f00000, 0x0000000089f00000| Untracked 
| 106|0x000000008a000000, 0x000000008a000000, 0x000000008a100000|  0%| F|  |TAMS 0x000000008a000000, 0x000000008a000000| Untracked 
| 107|0x000000008a100000, 0x000000008a100000, 0x000000008a200000|  0%| F|  |TAMS 0x000000008a100000, 0x000000008a100000| Untracked 
| 108|0x000000008a200000, 0x000000008a200000, 0x000000008a300000|  0%| F|  |TAMS 0x000000008a200000, 0x000000008a200000| Untracked 
| 109|0x000000008a300000, 0x000000008a300000, 0x000000008a400000|  0%| F|  |TAMS 0x000000008a300000, 0x000000008a300000| Untracked 
| 110|0x000000008a400000, 0x000000008a400000, 0x000000008a500000|  0%| F|  |TAMS 0x000000008a400000, 0x000000008a400000| Untracked 
| 111|0x000000008a500000, 0x000000008a500000, 0x000000008a600000|  0%| F|  |TAMS 0x000000008a500000, 0x000000008a500000| Untracked 
| 112|0x000000008a600000, 0x000000008a600000, 0x000000008a700000|  0%| F|  |TAMS 0x000000008a600000, 0x000000008a600000| Untracked 
| 113|0x000000008a700000, 0x000000008a700000, 0x000000008a800000|  0%| F|  |TAMS 0x000000008a700000, 0x000000008a700000| Untracked 
| 114|0x000000008a800000, 0x000000008a800000, 0x000000008a900000|  0%| F|  |TAMS 0x000000008a800000, 0x000000008a800000| Untracked 
| 115|0x000000008a900000, 0x000000008a900000, 0x000000008aa00000|  0%| F|  |TAMS 0x000000008a900000, 0x000000008a900000| Untracked 
| 116|0x000000008aa00000, 0x000000008aa00000, 0x000000008ab00000|  0%| F|  |TAMS 0x000000008aa00000, 0x000000008aa00000| Untracked 
| 117|0x000000008ab00000, 0x000000008ab00000, 0x000000008ac00000|  0%| F|  |TAMS 0x000000008ab00000, 0x000000008ab00000| Untracked 
| 118|0x000000008ac00000, 0x000000008ac00000, 0x000000008ad00000|  0%| F|  |TAMS 0x000000008ac00000, 0x000000008ac00000| Untracked 
| 119|0x000000008ad00000, 0x000000008ad00000, 0x000000008ae00000|  0%| F|  |TAMS 0x000000008ad00000, 0x000000008ad00000| Untracked 
| 120|0x000000008ae00000, 0x000000008ae00000, 0x000000008af00000|  0%| F|  |TAMS 0x000000008ae00000, 0x000000008ae00000| Untracked 
| 121|0x000000008af00000, 0x000000008af00000, 0x000000008b000000|  0%| F|  |TAMS 0x000000008af00000, 0x000000008af00000| Untracked 
| 122|0x000000008b000000, 0x000000008b000000, 0x000000008b100000|  0%| F|  |TAMS 0x000000008b000000, 0x000000008b000000| Untracked 
| 123|0x000000008b100000, 0x000000008b100000, 0x000000008b200000|  0%| F|  |TAMS 0x000000008b100000, 0x000000008b100000| Untracked 
| 124|0x000000008b200000, 0x000000008b300000, 0x000000008b300000|100%| S|CS|TAMS 0x000000008b200000, 0x000000008b200000| Complete 
| 125|0x000000008b300000, 0x000000008b400000, 0x000000008b400000|100%| S|CS|TAMS 0x000000008b300000, 0x000000008b300000| Complete 
| 126|0x000000008b400000, 0x000000008b500000, 0x000000008b500000|100%| S|CS|TAMS 0x000000008b400000, 0x000000008b400000| Complete 
| 127|0x000000008b500000, 0x000000008b600000, 0x000000008b600000|100%| S|CS|TAMS 0x000000008b500000, 0x000000008b500000| Complete 
| 128|0x000000008b600000, 0x000000008b700000, 0x000000008b700000|100%| S|CS|TAMS 0x000000008b600000, 0x000000008b600000| Complete 
| 129|0x000000008b700000, 0x000000008b800000, 0x000000008b800000|100%| S|CS|TAMS 0x000000008b700000, 0x000000008b700000| Complete 
| 130|0x000000008b800000, 0x000000008b800000, 0x000000008b900000|  0%| F|  |TAMS 0x000000008b800000, 0x000000008b800000| Untracked 
| 131|0x000000008b900000, 0x000000008b900000, 0x000000008ba00000|  0%| F|  |TAMS 0x000000008b900000, 0x000000008b900000| Untracked 
| 132|0x000000008ba00000, 0x000000008ba00000, 0x000000008bb00000|  0%| F|  |TAMS 0x000000008ba00000, 0x000000008ba00000| Untracked 
| 133|0x000000008bb00000, 0x000000008bb00000, 0x000000008bc00000|  0%| F|  |TAMS 0x000000008bb00000, 0x000000008bb00000| Untracked 
| 134|0x000000008bc00000, 0x000000008bc00000, 0x000000008bd00000|  0%| F|  |TAMS 0x000000008bc00000, 0x000000008bc00000| Untracked 
| 135|0x000000008bd00000, 0x000000008bd00000, 0x000000008be00000|  0%| F|  |TAMS 0x000000008bd00000, 0x000000008bd00000| Untracked 
| 136|0x000000008be00000, 0x000000008be00000, 0x000000008bf00000|  0%| F|  |TAMS 0x000000008be00000, 0x000000008be00000| Untracked 
| 137|0x000000008bf00000, 0x000000008bf00000, 0x000000008c000000|  0%| F|  |TAMS 0x000000008bf00000, 0x000000008bf00000| Untracked 
| 138|0x000000008c000000, 0x000000008c000000, 0x000000008c100000|  0%| F|  |TAMS 0x000000008c000000, 0x000000008c000000| Untracked 
| 139|0x000000008c100000, 0x000000008c100000, 0x000000008c200000|  0%| F|  |TAMS 0x000000008c100000, 0x000000008c100000| Untracked 
| 140|0x000000008c200000, 0x000000008c200000, 0x000000008c300000|  0%| F|  |TAMS 0x000000008c200000, 0x000000008c200000| Untracked 
| 141|0x000000008c300000, 0x000000008c300000, 0x000000008c400000|  0%| F|  |TAMS 0x000000008c300000, 0x000000008c300000| Untracked 
| 142|0x000000008c400000, 0x000000008c400000, 0x000000008c500000|  0%| F|  |TAMS 0x000000008c400000, 0x000000008c400000| Untracked 
| 143|0x000000008c500000, 0x000000008c500000, 0x000000008c600000|  0%| F|  |TAMS 0x000000008c500000, 0x000000008c500000| Untracked 
| 144|0x000000008c600000, 0x000000008c600000, 0x000000008c700000|  0%| F|  |TAMS 0x000000008c600000, 0x000000008c600000| Untracked 
| 145|0x000000008c700000, 0x000000008c700000, 0x000000008c800000|  0%| F|  |TAMS 0x000000008c700000, 0x000000008c700000| Untracked 
| 146|0x000000008c800000, 0x000000008c800000, 0x000000008c900000|  0%| F|  |TAMS 0x000000008c800000, 0x000000008c800000| Untracked 
| 147|0x000000008c900000, 0x000000008c900000, 0x000000008ca00000|  0%| F|  |TAMS 0x000000008c900000, 0x000000008c900000| Untracked 
| 148|0x000000008ca00000, 0x000000008ca00000, 0x000000008cb00000|  0%| F|  |TAMS 0x000000008ca00000, 0x000000008ca00000| Untracked 
| 149|0x000000008cb00000, 0x000000008cb00000, 0x000000008cc00000|  0%| F|  |TAMS 0x000000008cb00000, 0x000000008cb00000| Untracked 
| 150|0x000000008cc00000, 0x000000008cc00000, 0x000000008cd00000|  0%| F|  |TAMS 0x000000008cc00000, 0x000000008cc00000| Untracked 
| 151|0x000000008cd00000, 0x000000008cd00000, 0x000000008ce00000|  0%| F|  |TAMS 0x000000008cd00000, 0x000000008cd00000| Untracked 

Card table byte_map: [0x0000023ae7b50000,0x0000023ae7f40000] _byte_map_base: 0x0000023ae7735000

Marking Bits (Prev, Next): (CMBitMap*) 0x0000023ad0e430a0, (CMBitMap*) 0x0000023ad0e43068
 Prev Bits: [0x0000023aea260000, 0x0000023aec188000)
 Next Bits: [0x0000023ae8330000, 0x0000023aea258000)

Polling page: 0x0000023acedc0000

Metaspace:

Usage:
  Non-class:     43.46 MB capacity,    42.64 MB ( 98%) used,   670.73 KB (  2%) free+waste,   172.75 KB ( <1%) overhead. 
      Class:      7.15 MB capacity,     6.52 MB ( 91%) used,   557.01 KB (  8%) free+waste,    89.69 KB (  1%) overhead. 
       Both:     50.61 MB capacity,    49.16 MB ( 97%) used,     1.20 MB (  2%) free+waste,   262.44 KB ( <1%) overhead. 

Virtual space:
  Non-class space:       68.00 MB reserved,      43.50 MB ( 64%) committed 
      Class space:        1.00 GB reserved,       7.25 MB ( <1%) committed 
             Both:        1.07 GB reserved,      50.75 MB (  5%) committed 

Chunk freelists:
   Non-Class:  5.13 KB
       Class:  768 bytes
        Both:  5.88 KB

CodeHeap 'non-profiled nmethods': size=238336Kb used=6974Kb max_used=6974Kb free=231362Kb
 bounds [0x0000023ad8b70000, 0x0000023ad9240000, 0x0000023ae7430000]
CodeHeap 'non-nmethods': size=7424Kb used=1230Kb max_used=1230Kb free=6193Kb
 bounds [0x0000023ad8430000, 0x0000023ad86a0000, 0x0000023ad8b70000]
 total_blobs=5300 nmethods=4715 adapters=511
 compilation: enabled
              stopped_count=0, restarted_count=0
 full_count=0

Compilation events (10 events):
Event: 6.039 Thread 0x0000023aeec0c800 4711       1       org.hibernate.tuple.entity.EntityMetamodel::getIdentifierProperty (5 bytes)
Event: 6.039 Thread 0x0000023aeec0c800 nmethod 4711 0x0000023ad923e910 code [0x0000023ad923eaa0, 0x0000023ad923eb58]
Event: 6.047 Thread 0x0000023aeec0c800 4712       1       org.hibernate.loader.PropertyPath::getFullPath (5 bytes)
Event: 6.047 Thread 0x0000023aeec0c800 nmethod 4712 0x0000023ad923ec10 code [0x0000023ad923eda0, 0x0000023ad923ee58]
Event: 6.050 Thread 0x0000023aeec0c800 4713       1       org.hibernate.tuple.entity.EntityMetamodel::getName (5 bytes)
Event: 6.050 Thread 0x0000023aeec0c800 nmethod 4713 0x0000023ad923ef10 code [0x0000023ad923f0a0, 0x0000023ad923f158]
Event: 6.050 Thread 0x0000023aeec0c800 4714       1       org.hibernate.loader.plan.build.internal.returns.AbstractExpandingFetchSource::expandingQuerySpace (5 bytes)
Event: 6.050 Thread 0x0000023aeec0c800 nmethod 4714 0x0000023ad923f210 code [0x0000023ad923f3a0, 0x0000023ad923f458]
Event: 6.050 Thread 0x0000023aeec0c800 4715       1       org.hibernate.loader.plan.build.internal.spaces.EntityQuerySpaceImpl::getEntityPersister (5 bytes)
Event: 6.050 Thread 0x0000023aeec0c800 nmethod 4715 0x0000023ad923f510 code [0x0000023ad923f6a0, 0x0000023ad923f758]

GC Heap History (10 events):
Event: 4.103 GC heap before
{Heap before GC invocations=6 (full 0):
 garbage-first heap   total 129024K, used 82355K [0x0000000083600000, 0x0000000100000000)
  region size 1024K, 75 young (76800K), 6 survivors (6144K)
 Metaspace       used 34327K, capacity 35655K, committed 35840K, reserved 1081344K
  class space    used 4355K, capacity 4914K, committed 4992K, reserved 1048576K
}
Event: 4.113 GC heap after
{Heap after GC invocations=7 (full 0):
 garbage-first heap   total 129024K, used 16133K [0x0000000083600000, 0x0000000100000000)
  region size 1024K, 9 young (9216K), 9 survivors (9216K)
 Metaspace       used 34327K, capacity 35655K, committed 35840K, reserved 1081344K
  class space    used 4355K, capacity 4914K, committed 4992K, reserved 1048576K
}
Event: 4.161 GC heap before
{Heap before GC invocations=7 (full 0):
 garbage-first heap   total 129024K, used 43781K [0x0000000083600000, 0x0000000100000000)
  region size 1024K, 38 young (38912K), 9 survivors (9216K)
 Metaspace       used 34491K, capacity 35736K, committed 35840K, reserved 1081344K
  class space    used 4370K, capacity 4920K, committed 4992K, reserved 1048576K
}
Event: 4.170 GC heap after
{Heap after GC invocations=8 (full 0):
 garbage-first heap   total 129024K, used 16871K [0x0000000083600000, 0x0000000100000000)
  region size 1024K, 5 young (5120K), 5 survivors (5120K)
 Metaspace       used 34491K, capacity 35736K, committed 35840K, reserved 1081344K
  class space    used 4370K, capacity 4920K, committed 4992K, reserved 1048576K
}
Event: 4.761 GC heap before
{Heap before GC invocations=9 (full 0):
 garbage-first heap   total 129024K, used 87527K [0x0000000083600000, 0x0000000100000000)
  region size 1024K, 75 young (76800K), 5 survivors (5120K)
 Metaspace       used 37818K, capacity 39153K, committed 39424K, reserved 1083392K
  class space    used 4792K, capacity 5357K, committed 5376K, reserved 1048576K
}
Event: 4.766 GC heap after
{Heap after GC invocations=10 (full 0):
 garbage-first heap   total 155648K, used 17167K [0x0000000083600000, 0x0000000100000000)
  region size 1024K, 5 young (5120K), 5 survivors (5120K)
 Metaspace       used 37818K, capacity 39153K, committed 39424K, reserved 1083392K
  class space    used 4792K, capacity 5357K, committed 5376K, reserved 1048576K
}
Event: 5.748 GC heap before
{Heap before GC invocations=10 (full 0):
 garbage-first heap   total 155648K, used 70415K [0x0000000083600000, 0x0000000100000000)
  region size 1024K, 58 young (59392K), 5 survivors (5120K)
 Metaspace       used 47720K, capacity 49244K, committed 49408K, reserved 1097728K
  class space    used 6156K, capacity 6787K, committed 6912K, reserved 1048576K
}
Event: 5.756 GC heap after
{Heap after GC invocations=11 (full 0):
 garbage-first heap   total 155648K, used 20704K [0x0000000083600000, 0x0000000100000000)
  region size 1024K, 9 young (9216K), 9 survivors (9216K)
 Metaspace       used 47720K, capacity 49244K, committed 49408K, reserved 1097728K
  class space    used 6156K, capacity 6787K, committed 6912K, reserved 1048576K
}
Event: 6.066 GC heap before
{Heap before GC invocations=12 (full 0):
 garbage-first heap   total 155648K, used 42208K [0x0000000083600000, 0x0000000100000000)
  region size 1024K, 31 young (31744K), 9 survivors (9216K)
 Metaspace       used 50334K, capacity 51825K, committed 51968K, reserved 1116160K
  class space    used 6675K, capacity 7322K, committed 7424K, reserved 1048576K
}
Event: 6.073 GC heap after
{Heap after GC invocations=13 (full 0):
 garbage-first heap   total 155648K, used 21737K [0x0000000083600000, 0x0000000100000000)
  region size 1024K, 6 young (6144K), 6 survivors (6144K)
 Metaspace       used 50334K, capacity 51825K, committed 51968K, reserved 1116160K
  class space    used 6675K, capacity 7322K, committed 7424K, reserved 1048576K
}

Deoptimization events (0 events):
No events

Classes redefined (0 events):
No events

Internal exceptions (10 events):
Event: 4.357 Thread 0x0000023af00d7000 Exception <a 'java/lang/NoSuchMethodError'{0x0000000088037cd8}: java.lang.invoke.DirectMethodHandle$Holder.invokeInterface(Ljava/lang/Object;Ljava/lang/Object;Ljava/lang/Object;Ljava/lang/Object;)I> (0x0000000088037cd8) thrown at [./open/src/hotspot/share
Event: 4.414 Thread 0x0000023af0d13000 Exception <a 'java/lang/reflect/InvocationTargetException'{0x0000000087d096d0}> (0x0000000087d096d0) thrown at [./open/src/hotspot/share/runtime/reflection.cpp, line 1242]
Event: 4.424 Thread 0x0000023af00d7000 Exception <a 'java/io/FileNotFoundException'{0x0000000087c536f8}> (0x0000000087c536f8) thrown at [./open/src/hotspot/share/prims/jni.cpp, line 611]
Event: 4.938 Thread 0x0000023af0d13000 Exception <a 'java/lang/reflect/InvocationTargetException'{0x000000008c409590}> (0x000000008c409590) thrown at [./open/src/hotspot/share/runtime/reflection.cpp, line 1242]
Event: 5.373 Thread 0x0000023af00d7000 Exception <a 'java/lang/NoSuchMethodError'{0x000000008afecdf8}: java.lang.invoke.DirectMethodHandle$Holder.invokeStaticInit(Ljava/lang/Object;Ljava/lang/Object;Ljava/lang/Object;Ljava/lang/Object;)Ljava/lang/Object;> (0x000000008afecdf8) thrown at [./open
Event: 5.462 Thread 0x0000023af0d13000 Exception <a 'java/lang/reflect/InvocationTargetException'{0x000000008a8e1430}> (0x000000008a8e1430) thrown at [./open/src/hotspot/share/runtime/reflection.cpp, line 1242]
Event: 5.624 Thread 0x0000023af00d7000 Exception <a 'java/lang/NoSuchMethodError'{0x000000008a2a9980}: java.lang.invoke.DirectMethodHandle$Holder.newInvokeSpecial(Ljava/lang/Object;Ljava/lang/Object;ILjava/lang/Object;Ljava/lang/Object;)Ljava/lang/Object;> (0x000000008a2a9980) thrown at [./ope
Event: 5.985 Thread 0x0000023af0d13000 Exception <a 'java/lang/reflect/InvocationTargetException'{0x000000008bef27f8}> (0x000000008bef27f8) thrown at [./open/src/hotspot/share/runtime/reflection.cpp, line 1242]
Event: 5.998 Thread 0x0000023af00d7000 Exception <a 'java/lang/NoSuchMethodError'{0x000000008bdafae0}: java.lang.invoke.DirectMethodHandle$Holder.invokeInterface(Ljava/lang/Object;Ljava/lang/Object;)V> (0x000000008bdafae0) thrown at [./open/src/hotspot/share/interpreter/linkResolver.cpp, line 
Event: 6.011 Thread 0x0000023af00d7000 Exception <a 'java/lang/NoSuchMethodError'{0x000000008bc76d98}: java.lang.invoke.DirectMethodHandle$Holder.invokeStaticInit(Ljava/lang/Object;Ljava/lang/Object;Ljava/lang/Object;Ljava/lang/Object;II)Ljava/lang/Object;> (0x000000008bc76d98) thrown at [./op

Events (10 events):
Event: 6.065 loading class org/hibernate/metamodel/internal/AttributeFactory$7 done
Event: 6.065 loading class org/hibernate/metamodel/internal/AttributeFactory$ValueContext$ValueClassification
Event: 6.065 loading class org/hibernate/metamodel/internal/AttributeFactory$ValueContext$ValueClassification done
Event: 6.065 loading class org/hibernate/metamodel/model/domain/internal/BasicTypeImpl
Event: 6.065 loading class org/hibernate/metamodel/model/domain/internal/BasicTypeImpl done
Event: 6.066 loading class org/hibernate/metamodel/model/domain/spi/BasicTypeDescriptor
Event: 6.066 loading class org/hibernate/metamodel/model/domain/spi/BasicTypeDescriptor done
Event: 6.066 loading class org/hibernate/metamodel/model/domain/BasicDomainType
Event: 6.066 loading class org/hibernate/metamodel/model/domain/BasicDomainType done
Event: 6.066 Executing VM operation: CollectForMetadataAllocation


Dynamic libraries:
0x00007ff742310000 - 0x00007ff74231f000 	C:\Program Files\Java\jdk-11.0.13\bin\java.exe
0x00007ffadb330000 - 0x00007ffadb528000 	C:\WINDOWS\SYSTEM32\ntdll.dll
0x00007ffada750000 - 0x00007ffada80d000 	C:\WINDOWS\System32\KERNEL32.DLL
0x00007ffad8ac0000 - 0x00007ffad8d8e000 	C:\WINDOWS\System32\KERNELBASE.dll
0x00007ffad9150000 - 0x00007ffad9250000 	C:\WINDOWS\System32\ucrtbase.dll
0x00007ffab4160000 - 0x00007ffab4175000 	C:\Program Files\Java\jdk-11.0.13\bin\VCRUNTIME140.dll
0x00007ffab4180000 - 0x00007ffab4198000 	C:\Program Files\Java\jdk-11.0.13\bin\jli.dll
0x00007ffadb160000 - 0x00007ffadb20e000 	C:\WINDOWS\System32\ADVAPI32.dll
0x00007ffada600000 - 0x00007ffada69e000 	C:\WINDOWS\System32\msvcrt.dll
0x00007ffada6b0000 - 0x00007ffada74c000 	C:\WINDOWS\System32\sechost.dll
0x00007ffada3b0000 - 0x00007ffada4d5000 	C:\WINDOWS\System32\RPCRT4.dll
0x00007ffadaab0000 - 0x00007ffadac50000 	C:\WINDOWS\System32\USER32.dll
0x00007ffabf770000 - 0x00007ffabfa0a000 	C:\WINDOWS\WinSxS\amd64_microsoft.windows.common-controls_6595b64144ccf1df_6.0.19041.1110_none_60b5254171f9507e\COMCTL32.dll
0x00007ffad8ef0000 - 0x00007ffad8f12000 	C:\WINDOWS\System32\win32u.dll
0x00007ffad9390000 - 0x00007ffad93ba000 	C:\WINDOWS\System32\GDI32.dll
0x00007ffad9250000 - 0x00007ffad935b000 	C:\WINDOWS\System32\gdi32full.dll
0x00007ffad90b0000 - 0x00007ffad914d000 	C:\WINDOWS\System32\msvcp_win.dll
0x00007ffacf150000 - 0x00007ffacf15a000 	C:\WINDOWS\SYSTEM32\VERSION.dll
0x00007ffadb210000 - 0x00007ffadb240000 	C:\WINDOWS\System32\IMM32.DLL
0x00007ffab4030000 - 0x00007ffab40cb000 	C:\Program Files\Java\jdk-11.0.13\bin\msvcp140.dll
0x00007ffab34f0000 - 0x00007ffab4003000 	C:\Program Files\Java\jdk-11.0.13\bin\server\jvm.dll
0x00007ffada6a0000 - 0x00007ffada6a8000 	C:\WINDOWS\System32\PSAPI.DLL
0x00007ffabeb10000 - 0x00007ffabeb19000 	C:\WINDOWS\SYSTEM32\WSOCK32.dll
0x00007ffabdab0000 - 0x00007ffabdad7000 	C:\WINDOWS\SYSTEM32\WINMM.dll
0x00007ffadaa40000 - 0x00007ffadaaab000 	C:\WINDOWS\System32\WS2_32.dll
0x00007ffad7300000 - 0x00007ffad7312000 	C:\WINDOWS\SYSTEM32\kernel.appcore.dll
0x00007ffab2fc0000 - 0x00007ffab2fd0000 	C:\Program Files\Java\jdk-11.0.13\bin\verify.dll
0x00007ffad36a0000 - 0x00007ffad3884000 	C:\WINDOWS\SYSTEM32\DBGHELP.DLL
0x00007ffabe9c0000 - 0x00007ffabe9ec000 	C:\WINDOWS\SYSTEM32\dbgcore.DLL
0x00007ffad8f20000 - 0x00007ffad8fa2000 	C:\WINDOWS\System32\bcryptPrimitives.dll
0x00007ffab2f90000 - 0x00007ffab2fb8000 	C:\Program Files\Java\jdk-11.0.13\bin\java.dll
0x00007ffab2f80000 - 0x00007ffab2f8a000 	C:\Program Files\Java\jdk-11.0.13\bin\jimage.dll
0x00007ffab7660000 - 0x00007ffab766e000 	C:\Program Files\Java\jdk-11.0.13\bin\instrument.dll
0x00007ffab2f60000 - 0x00007ffab2f76000 	C:\Program Files\Java\jdk-11.0.13\bin\zip.dll
0x00007ffad99c0000 - 0x00007ffada103000 	C:\WINDOWS\System32\SHELL32.dll
0x00007ffad6af0000 - 0x00007ffad7285000 	C:\WINDOWS\SYSTEM32\windows.storage.dll
0x00007ffadae00000 - 0x00007ffadb154000 	C:\WINDOWS\System32\combase.dll
0x00007ffad83e0000 - 0x00007ffad8410000 	C:\WINDOWS\SYSTEM32\Wldp.dll
0x00007ffadb240000 - 0x00007ffadb2ed000 	C:\WINDOWS\System32\SHCORE.dll
0x00007ffad93c0000 - 0x00007ffad9415000 	C:\WINDOWS\System32\shlwapi.dll
0x00007ffad8990000 - 0x00007ffad89af000 	C:\WINDOWS\SYSTEM32\profapi.dll
0x00007ffab1ff0000 - 0x00007ffab2009000 	C:\Program Files\Java\jdk-11.0.13\bin\net.dll
0x00007ffac1c20000 - 0x00007ffac1d2a000 	C:\WINDOWS\SYSTEM32\WINHTTP.dll
0x00007ffad8140000 - 0x00007ffad81aa000 	C:\WINDOWS\system32\mswsock.dll
0x00007ffab1fd0000 - 0x00007ffab1fe2000 	C:\Program Files\Java\jdk-11.0.13\bin\nio.dll
0x00007ffaab170000 - 0x00007ffaab18a000 	C:\Program Files\JetBrains\IntelliJ IDEA 2021.3.3\bin\breakgen64.dll
0x00007ffad7e70000 - 0x00007ffad7f3a000 	C:\WINDOWS\SYSTEM32\DNSAPI.dll
0x00007ffad7e30000 - 0x00007ffad7e6b000 	C:\WINDOWS\SYSTEM32\IPHLPAPI.DLL
0x00007ffada810000 - 0x00007ffada818000 	C:\WINDOWS\System32\NSI.dll
0x000000006ce50000 - 0x000000006ce76000 	C:\Program Files\Bonjour\mdnsNSP.dll
0x00007ffac1b60000 - 0x00007ffac1b6a000 	C:\Windows\System32\rasadhlp.dll
0x00007ffac1ba0000 - 0x00007ffac1c20000 	C:\WINDOWS\System32\fwpuclnt.dll
0x00007ffad9360000 - 0x00007ffad9387000 	C:\WINDOWS\System32\bcrypt.dll
0x00007ffaa2020000 - 0x00007ffaa2029000 	C:\Program Files\Java\jdk-11.0.13\bin\management.dll
0x00007ffaa2010000 - 0x00007ffaa201b000 	C:\Program Files\Java\jdk-11.0.13\bin\management_ext.dll
0x00007ffad8340000 - 0x00007ffad8358000 	C:\WINDOWS\SYSTEM32\CRYPTSP.dll
0x00007ffad7ac0000 - 0x00007ffad7af4000 	C:\WINDOWS\system32\rsaenh.dll
0x00007ffad8910000 - 0x00007ffad893e000 	C:\WINDOWS\SYSTEM32\USERENV.dll
0x00007ffad8330000 - 0x00007ffad833c000 	C:\WINDOWS\SYSTEM32\CRYPTBASE.dll
0x00007ffacd1c0000 - 0x00007ffacd1d7000 	C:\WINDOWS\SYSTEM32\dhcpcsvc6.DLL
0x00007ffacd470000 - 0x00007ffacd48d000 	C:\WINDOWS\SYSTEM32\dhcpcsvc.DLL
0x00007ffabe9a0000 - 0x00007ffabe9b7000 	C:\WINDOWS\system32\napinsp.dll
0x00007ffabe8a0000 - 0x00007ffabe8bb000 	C:\WINDOWS\system32\pnrpnsp.dll
0x00007ffabe7b0000 - 0x00007ffabe7c5000 	C:\WINDOWS\system32\wshbth.dll
0x00007ffad0f60000 - 0x00007ffad0f7d000 	C:\WINDOWS\system32\NLAapi.dll
0x00007ffabe790000 - 0x00007ffabe7a2000 	C:\WINDOWS\System32\winrnr.dll
0x00007ffa69650000 - 0x00007ffa69675000 	C:\Program Files\Java\jdk-11.0.13\bin\sunec.dll
0x00007ffa69020000 - 0x00007ffa6902d000 	C:\Program Files\Java\jdk-11.0.13\bin\sunmscapi.dll
0x00007ffad8d90000 - 0x00007ffad8ee6000 	C:\WINDOWS\System32\CRYPT32.dll
0x00007ffad8450000 - 0x00007ffad8477000 	C:\WINDOWS\SYSTEM32\ncrypt.dll
0x00007ffad8410000 - 0x00007ffad844b000 	C:\WINDOWS\SYSTEM32\NTASN1.dll

dbghelp: loaded successfully - version: 4.0.5 - missing functions: none
symbol engine: initialized successfully - sym options: 0x614 - pdb path: .;C:\Program Files\Java\jdk-11.0.13\bin;C:\WINDOWS\SYSTEM32;C:\WINDOWS\WinSxS\amd64_microsoft.windows.common-controls_6595b64144ccf1df_6.0.19041.1110_none_60b5254171f9507e;C:\Program Files\Java\jdk-11.0.13\bin\server;C:\Program Files\JetBrains\IntelliJ IDEA 2021.3.3\bin;C:\Program Files\Bonjour

VM Arguments:
jvm_args: -XX:TieredStopAtLevel=1 -Xverify:none -Dspring.output.ansi.enabled=always -Dcom.sun.management.jmxremote -Dspring.jmx.enabled=true -Dspring.liveBeansView.mbeanDomain -Dspring.application.admin.enabled=true -javaagent:C:\Program Files\JetBrains\IntelliJ IDEA 2021.3.3\lib\idea_rt.jar=53301:C:\Program Files\JetBrains\IntelliJ IDEA 2021.3.3\bin -Dfile.encoding=UTF-8 
java_command: com.hedspi.library.LibraryApplication
java_class_path (initial): D:\jf\library\target\classes;C:\Users\PC\.m2\repository\org\springframework\boot\spring-boot-starter-data-jpa\2.7.3\spring-boot-starter-data-jpa-2.7.3.jar;C:\Users\PC\.m2\repository\org\springframework\boot\spring-boot-starter-aop\2.7.3\spring-boot-starter-aop-2.7.3.jar;C:\Users\PC\.m2\repository\org\springframework\spring-aop\5.3.22\spring-aop-5.3.22.jar;C:\Users\PC\.m2\repository\org\aspectj\aspectjweaver\1.9.7\aspectjweaver-1.9.7.jar;C:\Users\PC\.m2\repository\org\springframework\boot\spring-boot-starter-jdbc\2.7.3\spring-boot-starter-jdbc-2.7.3.jar;C:\Users\PC\.m2\repository\com\zaxxer\HikariCP\4.0.3\HikariCP-4.0.3.jar;C:\Users\PC\.m2\repository\org\springframework\spring-jdbc\5.3.22\spring-jdbc-5.3.22.jar;C:\Users\PC\.m2\repository\jakarta\transaction\jakarta.transaction-api\1.3.3\jakarta.transaction-api-1.3.3.jar;C:\Users\PC\.m2\repository\jakarta\persistence\jakarta.persistence-api\2.2.3\jakarta.persistence-api-2.2.3.jar;C:\Users\PC\.m2\repository\org\hibernate\hibernate-core\5.6.10.Final\hibernate-core-5.6.10.Final.jar;C:\Users\PC\.m2\repository\org\jboss\logging\jboss-logging\3.4.3.Final\jboss-logging-3.4.3.Final.jar;C:\Users\PC\.m2\repository\net\bytebuddy\byte-buddy\1.12.13\byte-buddy-1.12.13.jar;C:\Users\PC\.m2\repository\antlr\antlr\2.7.7\antlr-2.7.7.jar;C:\Users\PC\.m2\repository\org\jboss\jandex\2.4.2.Final\jandex-2.4.2.Final.jar;C:\Users\PC\.m2\repository\com\fasterxml\classmate\1.5.1\classmate-1.5.1.jar;C:\Users\PC\.m2\repository\org\hibernate\common\hibernate-commons-annotations\5.1.2.Final\hibernate-commons-annotations-5.1.2.Final.jar;C:\Users\PC\.m2\repository\org\glassfish\jaxb\jaxb-runtime\2.3.6\jaxb-runtime-2.3.6.jar;C:\Users\PC\.m2\repository\org\glassfish\jaxb\txw2\2.3.6\txw2-2.3.6.jar;C:\Users\PC\.m2\repository\com\sun\istack\istack-commons-runtime\3.0.12\istack-commons-runtime-3.0.12.jar;C:\Users\PC\.m2\repository\org\springframework\data\spring-data-jpa\2.7.2\spring-data-jpa-2.7.2.jar;C:\Users\PC\.m2\repositor
Launcher Type: SUN_STANDARD

[Global flags]
     bool BytecodeVerificationLocal                = false                                     {product} {command line}
     bool BytecodeVerificationRemote               = false                                     {product} {command line}
     intx CICompilerCount                          = 4                                         {product} {ergonomic}
     uint ConcGCThreads                            = 2                                         {product} {ergonomic}
     uint G1ConcRefinementThreads                  = 8                                         {product} {ergonomic}
   size_t G1HeapRegionSize                         = 1048576                                   {product} {ergonomic}
    uintx GCDrainStackTargetSize                   = 64                                        {product} {ergonomic}
   size_t InitialHeapSize                          = 132120576                                 {product} {ergonomic}
     bool ManagementServer                         = true                                      {product} {command line}
   size_t MarkStackSize                            = 4194304                                   {product} {ergonomic}
   size_t MaxHeapSize                              = 2090860544                                {product} {ergonomic}
   size_t MaxNewSize                               = 1254096896                                {product} {ergonomic}
   size_t MinHeapDeltaBytes                        = 1048576                                   {product} {ergonomic}
    uintx NonNMethodCodeHeapSize                   = 7549744                                {pd product} {ergonomic}
    uintx NonProfiledCodeHeapSize                  = 244108496                              {pd product} {ergonomic}
    uintx ProfiledCodeHeapSize                     = 0                                      {pd product} {ergonomic}
    uintx ReservedCodeCacheSize                    = 251658240                              {pd product} {ergonomic}
     bool SegmentedCodeCache                       = true                                      {product} {ergonomic}
     intx TieredStopAtLevel                        = 1                                         {product} {command line}
     bool UseCompressedClassPointers               = true                                 {lp64_product} {ergonomic}
     bool UseCompressedOops                        = true                                 {lp64_product} {ergonomic}
     bool UseG1GC                                  = true                                      {product} {ergonomic}
     bool UseLargePagesIndividualAllocation        = false                                  {pd product} {ergonomic}

Logging:
Log output configuration:
 #0: stdout all=warning uptime,level,tags
 #1: stderr all=off uptime,level,tags

Environment Variables:
JAVA_HOME=C:\Program Files\Java\jdk-11.0.13
CLASSPATH=C:\Program Files\Eclipse Adoptium\jdk-11.0.14.101-hotspot\jre\lib\ext
PATH=C:\Program Files\Common Files\Oracle\Java\javapath;C:\Program Files\Eclipse Adoptium\jdk-11.0.14.101-hotspot\bin;C:\WINDOWS\system32;C:\WINDOWS;C:\WINDOWS\System32\Wbem;C:\WINDOWS\System32\WindowsPowerShell\v1.0\;C:\WINDOWS\System32\OpenSSH\;C:\MinGW\MinGW\bin;C:\Program Files\Git\cmd;C:\Program Files\Azure Data Studio\bin;C:\Users\PC\AppData\Roaming\npm;C:\Program Files\nodejs\;C:\xampp\php;C:\composer;C:\Program Files\Java\jdk-11.0.13\bin;C:\Program Files\Java\jdk-11.0.13\bin;C:\Users\PC\AppData\Roaming\npm;C:\Program Files\sonar-scanner\bin;C:\gradle-7.1.1-bin\gradle-7.1.1\bin;C:\Program Files\Java\jdk-11.0.13\bin;C:\Users\PC\AppData\Local\Programs\Microsoft VS Code\bin
USERNAME=PC
OS=Windows_NT
PROCESSOR_IDENTIFIER=Intel64 Family 6 Model 126 Stepping 5, GenuineIntel



---------------  S Y S T E M  ---------------

OS: Windows 10 , 64 bit Build 19041 (10.0.19041.1889)

CPU:total 8 (initial active 8) (4 cores per cpu, 2 threads per core) family 6 model 126 stepping 5 microcode 0xa0, cmov, cx8, fxsr, mmx, sse, sse2, sse3, ssse3, sse4.1, sse4.2, popcnt, avx, avx2, aes, clmul, erms, 3dnowpref, lzcnt, ht, tsc, tscinvbit, bmi1, bmi2, adx, evex, sha, fma

Memory: 4k page, system-wide physical 7969M (310M free)
TotalPageFile size 11753M (AvailPageFile size 0M)
current process WorkingSet (physical memory assigned to process): 237M, peak: 237M
current process commit charge ("private bytes"): 307M, peak: 308M

vm_info: Java HotSpot(TM) 64-Bit Server VM (11.0.13+10-LTS-370) for windows-amd64 JRE (11.0.13+10-LTS-370), built on Sep 15 2021 22:10:36 by "mach5one" with MS VC++ 15.9 (VS2017)

END.
